soak working dir: /tmp/tmp.waVoaIv6wh (free=203975 MiB, cap_log=100 MiB, min_free=2048 MiB)
starting daemon for soak test (mode=enforce duration=43200s workers=1 net=0)
preloaded temporary soak block rule: /tmp/aegis-overnight/target
initial RSS: 51120 kB
daemon.log rotated at 167923712 bytes (cap=104857600, total rotations=1)
daemon.log rotated at 168165376 bytes (cap=104857600, total rotations=2)
daemon.log rotated at 165597184 bytes (cap=104857600, total rotations=3)
daemon.log rotated at 166699008 bytes (cap=104857600, total rotations=4)
daemon.log rotated at 168497152 bytes (cap=104857600, total rotations=5)
daemon.log rotated at 167051264 bytes (cap=104857600, total rotations=6)
daemon.log rotated at 166285312 bytes (cap=104857600, total rotations=7)
daemon.log rotated at 168456192 bytes (cap=104857600, total rotations=8)
daemon.log rotated at 168153088 bytes (cap=104857600, total rotations=9)
daemon.log rotated at 168226816 bytes (cap=104857600, total rotations=10)
daemon.log rotated at 167862272 bytes (cap=104857600, total rotations=11)
daemon.log rotated at 168472576 bytes (cap=104857600, total rotations=12)
daemon.log rotated at 168562688 bytes (cap=104857600, total rotations=13)
daemon.log rotated at 169025536 bytes (cap=104857600, total rotations=14)
daemon.log rotated at 166420480 bytes (cap=104857600, total rotations=15)
daemon.log rotated at 162697216 bytes (cap=104857600, total rotations=16)
daemon.log rotated at 161050624 bytes (cap=104857600, total rotations=17)
daemon.log rotated at 161845248 bytes (cap=104857600, total rotations=18)
daemon.log rotated at 167817216 bytes (cap=104857600, total rotations=19)
daemon.log rotated at 167784448 bytes (cap=104857600, total rotations=20)
daemon.log rotated at 163602432 bytes (cap=104857600, total rotations=21)
daemon.log rotated at 163848192 bytes (cap=104857600, total rotations=22)
daemon.log rotated at 163057664 bytes (cap=104857600, total rotations=23)
daemon.log rotated at 161439744 bytes (cap=104857600, total rotations=24)
daemon.log rotated at 164179968 bytes (cap=104857600, total rotations=25)
daemon.log rotated at 164630528 bytes (cap=104857600, total rotations=26)
daemon.log rotated at 159420416 bytes (cap=104857600, total rotations=27)
daemon.log rotated at 160346112 bytes (cap=104857600, total rotations=28)
daemon.log rotated at 161599488 bytes (cap=104857600, total rotations=29)
daemon.log rotated at 159109120 bytes (cap=104857600, total rotations=30)
daemon.log rotated at 161591296 bytes (cap=104857600, total rotations=31)
daemon.log rotated at 163246080 bytes (cap=104857600, total rotations=32)
daemon.log rotated at 158818304 bytes (cap=104857600, total rotations=33)
daemon.log rotated at 160628736 bytes (cap=104857600, total rotations=34)
daemon.log rotated at 163651584 bytes (cap=104857600, total rotations=35)
daemon.log rotated at 167776256 bytes (cap=104857600, total rotations=36)
daemon.log rotated at 167481344 bytes (cap=104857600, total rotations=37)
daemon.log rotated at 164429824 bytes (cap=104857600, total rotations=38)
daemon.log rotated at 160702464 bytes (cap=104857600, total rotations=39)
daemon.log rotated at 161247232 bytes (cap=104857600, total rotations=40)
daemon.log rotated at 162283520 bytes (cap=104857600, total rotations=41)
daemon.log rotated at 162357248 bytes (cap=104857600, total rotations=42)
daemon.log rotated at 161759232 bytes (cap=104857600, total rotations=43)
daemon.log rotated at 162361344 bytes (cap=104857600, total rotations=44)
daemon.log rotated at 162603008 bytes (cap=104857600, total rotations=45)
daemon.log rotated at 161439744 bytes (cap=104857600, total rotations=46)
daemon.log rotated at 164552704 bytes (cap=104857600, total rotations=47)
daemon.log rotated at 167333888 bytes (cap=104857600, total rotations=48)
daemon.log rotated at 167362560 bytes (cap=104857600, total rotations=49)
daemon.log rotated at 164794368 bytes (cap=104857600, total rotations=50)
daemon.log rotated at 165429248 bytes (cap=104857600, total rotations=51)
daemon.log rotated at 165818368 bytes (cap=104857600, total rotations=52)
daemon.log rotated at 165351424 bytes (cap=104857600, total rotations=53)
daemon.log rotated at 165548032 bytes (cap=104857600, total rotations=54)
daemon.log rotated at 165748736 bytes (cap=104857600, total rotations=55)
daemon.log rotated at 166682624 bytes (cap=104857600, total rotations=56)
daemon.log rotated at 166957056 bytes (cap=104857600, total rotations=57)
daemon.log rotated at 167018496 bytes (cap=104857600, total rotations=58)
daemon.log rotated at 166354944 bytes (cap=104857600, total rotations=59)
daemon.log rotated at 167763968 bytes (cap=104857600, total rotations=60)
daemon.log rotated at 167645184 bytes (cap=104857600, total rotations=61)
daemon.log rotated at 167657472 bytes (cap=104857600, total rotations=62)
daemon.log rotated at 167706624 bytes (cap=104857600, total rotations=63)
daemon.log rotated at 168013824 bytes (cap=104857600, total rotations=64)
daemon.log rotated at 168218624 bytes (cap=104857600, total rotations=65)
daemon.log rotated at 167858176 bytes (cap=104857600, total rotations=66)
daemon.log rotated at 168366080 bytes (cap=104857600, total rotations=67)
daemon.log rotated at 167780352 bytes (cap=104857600, total rotations=68)
daemon.log rotated at 167763968 bytes (cap=104857600, total rotations=69)
daemon.log rotated at 167874560 bytes (cap=104857600, total rotations=70)
daemon.log rotated at 168083456 bytes (cap=104857600, total rotations=71)
daemon.log rotated at 167997440 bytes (cap=104857600, total rotations=72)
daemon.log rotated at 168448000 bytes (cap=104857600, total rotations=73)
daemon.log rotated at 168493056 bytes (cap=104857600, total rotations=74)
daemon.log rotated at 166449152 bytes (cap=104857600, total rotations=75)
daemon.log rotated at 166039552 bytes (cap=104857600, total rotations=76)
daemon.log rotated at 166723584 bytes (cap=104857600, total rotations=77)
daemon.log rotated at 166625280 bytes (cap=104857600, total rotations=78)
daemon.log rotated at 166887424 bytes (cap=104857600, total rotations=79)
daemon.log rotated at 166801408 bytes (cap=104857600, total rotations=80)
daemon.log rotated at 167792640 bytes (cap=104857600, total rotations=81)
daemon.log rotated at 168558592 bytes (cap=104857600, total rotations=82)
daemon.log rotated at 168726528 bytes (cap=104857600, total rotations=83)
daemon.log rotated at 167895040 bytes (cap=104857600, total rotations=84)
daemon.log rotated at 168046592 bytes (cap=104857600, total rotations=85)
daemon.log rotated at 167743488 bytes (cap=104857600, total rotations=86)
daemon.log rotated at 166707200 bytes (cap=104857600, total rotations=87)
daemon.log rotated at 166670336 bytes (cap=104857600, total rotations=88)
daemon.log rotated at 166645760 bytes (cap=104857600, total rotations=89)
daemon.log rotated at 166514688 bytes (cap=104857600, total rotations=90)
daemon.log rotated at 166998016 bytes (cap=104857600, total rotations=91)
daemon.log rotated at 167026688 bytes (cap=104857600, total rotations=92)
daemon.log rotated at 166264832 bytes (cap=104857600, total rotations=93)
daemon.log rotated at 166633472 bytes (cap=104857600, total rotations=94)
daemon.log rotated at 166924288 bytes (cap=104857600, total rotations=95)
daemon.log rotated at 166113280 bytes (cap=104857600, total rotations=96)
daemon.log rotated at 166174720 bytes (cap=104857600, total rotations=97)
daemon.log rotated at 166019072 bytes (cap=104857600, total rotations=98)
daemon.log rotated at 166350848 bytes (cap=104857600, total rotations=99)
daemon.log rotated at 166658048 bytes (cap=104857600, total rotations=100)
daemon.log rotated at 163917824 bytes (cap=104857600, total rotations=101)
daemon.log rotated at 164872192 bytes (cap=104857600, total rotations=102)
daemon.log rotated at 164671488 bytes (cap=104857600, total rotations=103)
daemon.log rotated at 164945920 bytes (cap=104857600, total rotations=104)
daemon.log rotated at 164151296 bytes (cap=104857600, total rotations=105)
daemon.log rotated at 164614144 bytes (cap=104857600, total rotations=106)
daemon.log rotated at 165863424 bytes (cap=104857600, total rotations=107)
daemon.log rotated at 166223872 bytes (cap=104857600, total rotations=108)
daemon.log rotated at 162242560 bytes (cap=104857600, total rotations=109)
daemon.log rotated at 144084992 bytes (cap=104857600, total rotations=110)
daemon.log rotated at 144109568 bytes (cap=104857600, total rotations=111)
daemon.log rotated at 144257024 bytes (cap=104857600, total rotations=112)
daemon.log rotated at 144191488 bytes (cap=104857600, total rotations=113)
daemon.log rotated at 144084992 bytes (cap=104857600, total rotations=114)
daemon.log rotated at 144945152 bytes (cap=104857600, total rotations=115)
daemon.log rotated at 144846848 bytes (cap=104857600, total rotations=116)
daemon.log rotated at 144424960 bytes (cap=104857600, total rotations=117)
daemon.log rotated at 144564224 bytes (cap=104857600, total rotations=118)
daemon.log rotated at 145580032 bytes (cap=104857600, total rotations=119)
daemon.log rotated at 144605184 bytes (cap=104857600, total rotations=120)
daemon.log rotated at 143859712 bytes (cap=104857600, total rotations=121)
daemon.log rotated at 144502784 bytes (cap=104857600, total rotations=122)
daemon.log rotated at 144801792 bytes (cap=104857600, total rotations=123)
daemon.log rotated at 144674816 bytes (cap=104857600, total rotations=124)
daemon.log rotated at 145297408 bytes (cap=104857600, total rotations=125)
daemon.log rotated at 144322560 bytes (cap=104857600, total rotations=126)
daemon.log rotated at 145043456 bytes (cap=104857600, total rotations=127)
daemon.log rotated at 145063936 bytes (cap=104857600, total rotations=128)
daemon.log rotated at 142536704 bytes (cap=104857600, total rotations=129)
daemon.log rotated at 143306752 bytes (cap=104857600, total rotations=130)
daemon.log rotated at 144773120 bytes (cap=104857600, total rotations=131)
daemon.log rotated at 143876096 bytes (cap=104857600, total rotations=132)
daemon.log rotated at 143716352 bytes (cap=104857600, total rotations=133)
daemon.log rotated at 160137216 bytes (cap=104857600, total rotations=134)
daemon.log rotated at 166846464 bytes (cap=104857600, total rotations=135)
daemon.log rotated at 167878656 bytes (cap=104857600, total rotations=136)
daemon.log rotated at 168820736 bytes (cap=104857600, total rotations=137)
daemon.log rotated at 168185856 bytes (cap=104857600, total rotations=138)
daemon.log rotated at 167428096 bytes (cap=104857600, total rotations=139)
daemon.log rotated at 167161856 bytes (cap=104857600, total rotations=140)
daemon.log rotated at 167673856 bytes (cap=104857600, total rotations=141)
daemon.log rotated at 168398848 bytes (cap=104857600, total rotations=142)
daemon.log rotated at 166653952 bytes (cap=104857600, total rotations=143)
daemon.log rotated at 167477248 bytes (cap=104857600, total rotations=144)
daemon.log rotated at 166506496 bytes (cap=104857600, total rotations=145)
daemon.log rotated at 166739968 bytes (cap=104857600, total rotations=146)
daemon.log rotated at 167088128 bytes (cap=104857600, total rotations=147)
daemon.log rotated at 165797888 bytes (cap=104857600, total rotations=148)
daemon.log rotated at 166100992 bytes (cap=104857600, total rotations=149)
daemon.log rotated at 165347328 bytes (cap=104857600, total rotations=150)
daemon.log rotated at 165646336 bytes (cap=104857600, total rotations=151)
daemon.log rotated at 166244352 bytes (cap=104857600, total rotations=152)
daemon.log rotated at 165535744 bytes (cap=104857600, total rotations=153)
daemon.log rotated at 165474304 bytes (cap=104857600, total rotations=154)
daemon.log rotated at 163848192 bytes (cap=104857600, total rotations=155)
daemon.log rotated at 164048896 bytes (cap=104857600, total rotations=156)
daemon.log rotated at 164188160 bytes (cap=104857600, total rotations=157)
daemon.log rotated at 163631104 bytes (cap=104857600, total rotations=158)
daemon.log rotated at 162639872 bytes (cap=104857600, total rotations=159)
daemon.log rotated at 162725888 bytes (cap=104857600, total rotations=160)
daemon.log rotated at 163696640 bytes (cap=104857600, total rotations=161)
daemon.log rotated at 163373056 bytes (cap=104857600, total rotations=162)
daemon.log rotated at 162734080 bytes (cap=104857600, total rotations=163)
daemon.log rotated at 163790848 bytes (cap=104857600, total rotations=164)
daemon.log rotated at 162381824 bytes (cap=104857600, total rotations=165)
daemon.log rotated at 162586624 bytes (cap=104857600, total rotations=166)
daemon.log rotated at 163270656 bytes (cap=104857600, total rotations=167)
daemon.log rotated at 162979840 bytes (cap=104857600, total rotations=168)
daemon.log rotated at 162779136 bytes (cap=104857600, total rotations=169)
daemon.log rotated at 162594816 bytes (cap=104857600, total rotations=170)
daemon.log rotated at 161665024 bytes (cap=104857600, total rotations=171)
daemon.log rotated at 162881536 bytes (cap=104857600, total rotations=172)
daemon.log rotated at 161992704 bytes (cap=104857600, total rotations=173)
daemon.log rotated at 161857536 bytes (cap=104857600, total rotations=174)
daemon.log rotated at 162058240 bytes (cap=104857600, total rotations=175)
daemon.log rotated at 161550336 bytes (cap=104857600, total rotations=176)
daemon.log rotated at 163037184 bytes (cap=104857600, total rotations=177)
daemon.log rotated at 161411072 bytes (cap=104857600, total rotations=178)
daemon.log rotated at 161816576 bytes (cap=104857600, total rotations=179)
daemon.log rotated at 162226176 bytes (cap=104857600, total rotations=180)
daemon.log rotated at 160718848 bytes (cap=104857600, total rotations=181)
daemon.log rotated at 160948224 bytes (cap=104857600, total rotations=182)
daemon.log rotated at 161144832 bytes (cap=104857600, total rotations=183)
daemon.log rotated at 160518144 bytes (cap=104857600, total rotations=184)
daemon.log rotated at 161660928 bytes (cap=104857600, total rotations=185)
daemon.log rotated at 160575488 bytes (cap=104857600, total rotations=186)
daemon.log rotated at 162795520 bytes (cap=104857600, total rotations=187)
daemon.log rotated at 162762752 bytes (cap=104857600, total rotations=188)
daemon.log rotated at 162258944 bytes (cap=104857600, total rotations=189)
daemon.log rotated at 161828864 bytes (cap=104857600, total rotations=190)
daemon.log rotated at 161497088 bytes (cap=104857600, total rotations=191)
daemon.log rotated at 162734080 bytes (cap=104857600, total rotations=192)
daemon.log rotated at 163164160 bytes (cap=104857600, total rotations=193)
daemon.log rotated at 163258368 bytes (cap=104857600, total rotations=194)
daemon.log rotated at 163209216 bytes (cap=104857600, total rotations=195)
daemon.log rotated at 162889728 bytes (cap=104857600, total rotations=196)
daemon.log rotated at 163549184 bytes (cap=104857600, total rotations=197)
daemon.log rotated at 163635200 bytes (cap=104857600, total rotations=198)
daemon.log rotated at 163393536 bytes (cap=104857600, total rotations=199)
daemon.log rotated at 163610624 bytes (cap=104857600, total rotations=200)
daemon.log rotated at 164392960 bytes (cap=104857600, total rotations=201)
daemon.log rotated at 163536896 bytes (cap=104857600, total rotations=202)
daemon.log rotated at 163876864 bytes (cap=104857600, total rotations=203)
daemon.log rotated at 164098048 bytes (cap=104857600, total rotations=204)
daemon.log rotated at 164220928 bytes (cap=104857600, total rotations=205)
daemon.log rotated at 163958784 bytes (cap=104857600, total rotations=206)
daemon.log rotated at 162586624 bytes (cap=104857600, total rotations=207)
daemon.log rotated at 163590144 bytes (cap=104857600, total rotations=208)
daemon.log rotated at 163323904 bytes (cap=104857600, total rotations=209)
daemon.log rotated at 163061760 bytes (cap=104857600, total rotations=210)
daemon.log rotated at 163033088 bytes (cap=104857600, total rotations=211)
daemon.log rotated at 162742272 bytes (cap=104857600, total rotations=212)
daemon.log rotated at 164179968 bytes (cap=104857600, total rotations=213)
daemon.log rotated at 164278272 bytes (cap=104857600, total rotations=214)
daemon.log rotated at 164372480 bytes (cap=104857600, total rotations=215)
daemon.log rotated at 164245504 bytes (cap=104857600, total rotations=216)
daemon.log rotated at 164417536 bytes (cap=104857600, total rotations=217)
daemon.log rotated at 164569088 bytes (cap=104857600, total rotations=218)
daemon.log rotated at 162918400 bytes (cap=104857600, total rotations=219)
daemon.log rotated at 163000320 bytes (cap=104857600, total rotations=220)
daemon.log rotated at 162844672 bytes (cap=104857600, total rotations=221)
daemon.log rotated at 164466688 bytes (cap=104857600, total rotations=222)
daemon.log rotated at 164098048 bytes (cap=104857600, total rotations=223)
daemon.log rotated at 163401728 bytes (cap=104857600, total rotations=224)
daemon.log rotated at 164110336 bytes (cap=104857600, total rotations=225)
daemon.log rotated at 164098048 bytes (cap=104857600, total rotations=226)
daemon.log rotated at 163966976 bytes (cap=104857600, total rotations=227)
daemon.log rotated at 163905536 bytes (cap=104857600, total rotations=228)
daemon.log rotated at 163782656 bytes (cap=104857600, total rotations=229)
daemon.log rotated at 163815424 bytes (cap=104857600, total rotations=230)
daemon.log rotated at 163786752 bytes (cap=104857600, total rotations=231)
daemon.log rotated at 163205120 bytes (cap=104857600, total rotations=232)
daemon.log rotated at 161988608 bytes (cap=104857600, total rotations=233)
daemon.log rotated at 162537472 bytes (cap=104857600, total rotations=234)
daemon.log rotated at 162701312 bytes (cap=104857600, total rotations=235)
daemon.log rotated at 162725888 bytes (cap=104857600, total rotations=236)
daemon.log rotated at 162062336 bytes (cap=104857600, total rotations=237)
daemon.log rotated at 162234368 bytes (cap=104857600, total rotations=238)
daemon.log rotated at 163254272 bytes (cap=104857600, total rotations=239)
daemon.log rotated at 164274176 bytes (cap=104857600, total rotations=240)
daemon.log rotated at 163721216 bytes (cap=104857600, total rotations=241)
daemon.log rotated at 163885056 bytes (cap=104857600, total rotations=242)
daemon.log rotated at 163631104 bytes (cap=104857600, total rotations=243)
daemon.log rotated at 164200448 bytes (cap=104857600, total rotations=244)
daemon.log rotated at 163799040 bytes (cap=104857600, total rotations=245)
daemon.log rotated at 164175872 bytes (cap=104857600, total rotations=246)
daemon.log rotated at 163893248 bytes (cap=104857600, total rotations=247)
daemon.log rotated at 164048896 bytes (cap=104857600, total rotations=248)
daemon.log rotated at 163840000 bytes (cap=104857600, total rotations=249)
daemon.log rotated at 163676160 bytes (cap=104857600, total rotations=250)
daemon.log rotated at 164569088 bytes (cap=104857600, total rotations=251)
daemon.log rotated at 164438016 bytes (cap=104857600, total rotations=252)
daemon.log rotated at 164098048 bytes (cap=104857600, total rotations=253)
daemon.log rotated at 164122624 bytes (cap=104857600, total rotations=254)
daemon.log rotated at 164208640 bytes (cap=104857600, total rotations=255)
daemon.log rotated at 164175872 bytes (cap=104857600, total rotations=256)
daemon.log rotated at 164184064 bytes (cap=104857600, total rotations=257)
daemon.log rotated at 163823616 bytes (cap=104857600, total rotations=258)
daemon.log rotated at 162336768 bytes (cap=104857600, total rotations=259)
daemon.log rotated at 163479552 bytes (cap=104857600, total rotations=260)
daemon.log rotated at 162996224 bytes (cap=104857600, total rotations=261)
daemon.log rotated at 162623488 bytes (cap=104857600, total rotations=262)
daemon.log rotated at 162283520 bytes (cap=104857600, total rotations=263)
daemon.log rotated at 161890304 bytes (cap=104857600, total rotations=264)
daemon.log rotated at 162729984 bytes (cap=104857600, total rotations=265)
daemon.log rotated at 163123200 bytes (cap=104857600, total rotations=266)
daemon.log rotated at 161992704 bytes (cap=104857600, total rotations=267)
daemon.log rotated at 161964032 bytes (cap=104857600, total rotations=268)
daemon.log rotated at 162770944 bytes (cap=104857600, total rotations=269)
daemon.log rotated at 161374208 bytes (cap=104857600, total rotations=270)
daemon.log rotated at 161525760 bytes (cap=104857600, total rotations=271)
daemon.log rotated at 161918976 bytes (cap=104857600, total rotations=272)
daemon.log rotated at 162172928 bytes (cap=104857600, total rotations=273)
daemon.log rotated at 162590720 bytes (cap=104857600, total rotations=274)
daemon.log rotated at 161792000 bytes (cap=104857600, total rotations=275)
daemon.log rotated at 159801344 bytes (cap=104857600, total rotations=276)
daemon.log rotated at 162086912 bytes (cap=104857600, total rotations=277)
daemon.log rotated at 161034240 bytes (cap=104857600, total rotations=278)
daemon.log rotated at 162082816 bytes (cap=104857600, total rotations=279)
daemon.log rotated at 162185216 bytes (cap=104857600, total rotations=280)
daemon.log rotated at 162254848 bytes (cap=104857600, total rotations=281)
daemon.log rotated at 163287040 bytes (cap=104857600, total rotations=282)
daemon.log rotated at 163586048 bytes (cap=104857600, total rotations=283)
daemon.log rotated at 163581952 bytes (cap=104857600, total rotations=284)
daemon.log rotated at 161030144 bytes (cap=104857600, total rotations=285)
daemon.log rotated at 162185216 bytes (cap=104857600, total rotations=286)
daemon.log rotated at 162676736 bytes (cap=104857600, total rotations=287)
daemon.log rotated at 162947072 bytes (cap=104857600, total rotations=288)
daemon.log rotated at 162758656 bytes (cap=104857600, total rotations=289)
daemon.log rotated at 162910208 bytes (cap=104857600, total rotations=290)
daemon.log rotated at 164159488 bytes (cap=104857600, total rotations=291)
daemon.log rotated at 164290560 bytes (cap=104857600, total rotations=292)
daemon.log rotated at 164646912 bytes (cap=104857600, total rotations=293)
daemon.log rotated at 163950592 bytes (cap=104857600, total rotations=294)
daemon.log rotated at 163438592 bytes (cap=104857600, total rotations=295)
daemon.log rotated at 164323328 bytes (cap=104857600, total rotations=296)
daemon.log rotated at 163950592 bytes (cap=104857600, total rotations=297)
daemon.log rotated at 163807232 bytes (cap=104857600, total rotations=298)
daemon.log rotated at 160722944 bytes (cap=104857600, total rotations=299)
daemon.log rotated at 164716544 bytes (cap=104857600, total rotations=300)
daemon.log rotated at 163942400 bytes (cap=104857600, total rotations=301)
daemon.log rotated at 163860480 bytes (cap=104857600, total rotations=302)
daemon.log rotated at 164847616 bytes (cap=104857600, total rotations=303)
daemon.log rotated at 164765696 bytes (cap=104857600, total rotations=304)
daemon.log rotated at 163643392 bytes (cap=104857600, total rotations=305)
daemon.log rotated at 163389440 bytes (cap=104857600, total rotations=306)
daemon.log rotated at 163414016 bytes (cap=104857600, total rotations=307)
daemon.log rotated at 163663872 bytes (cap=104857600, total rotations=308)
daemon.log rotated at 163254272 bytes (cap=104857600, total rotations=309)
daemon.log rotated at 163188736 bytes (cap=104857600, total rotations=310)
daemon.log rotated at 161566720 bytes (cap=104857600, total rotations=311)
daemon.log rotated at 161280000 bytes (cap=104857600, total rotations=312)
daemon.log rotated at 161873920 bytes (cap=104857600, total rotations=313)
daemon.log rotated at 162476032 bytes (cap=104857600, total rotations=314)
daemon.log rotated at 161026048 bytes (cap=104857600, total rotations=315)
daemon.log rotated at 161284096 bytes (cap=104857600, total rotations=316)
daemon.log rotated at 161894400 bytes (cap=104857600, total rotations=317)
daemon.log rotated at 159608832 bytes (cap=104857600, total rotations=318)
daemon.log rotated at 163454976 bytes (cap=104857600, total rotations=319)
daemon.log rotated at 161722368 bytes (cap=104857600, total rotations=320)
daemon.log rotated at 162091008 bytes (cap=104857600, total rotations=321)
daemon.log rotated at 162205696 bytes (cap=104857600, total rotations=322)
daemon.log rotated at 161353728 bytes (cap=104857600, total rotations=323)
daemon.log rotated at 161849344 bytes (cap=104857600, total rotations=324)
daemon.log rotated at 161263616 bytes (cap=104857600, total rotations=325)
daemon.log rotated at 158343168 bytes (cap=104857600, total rotations=326)
daemon.log rotated at 162336768 bytes (cap=104857600, total rotations=327)
daemon.log rotated at 162111488 bytes (cap=104857600, total rotations=328)
daemon.log rotated at 162615296 bytes (cap=104857600, total rotations=329)
daemon.log rotated at 162570240 bytes (cap=104857600, total rotations=330)
daemon.log rotated at 163442688 bytes (cap=104857600, total rotations=331)
daemon.log rotated at 163549184 bytes (cap=104857600, total rotations=332)
daemon.log rotated at 163090432 bytes (cap=104857600, total rotations=333)
daemon.log rotated at 163684352 bytes (cap=104857600, total rotations=334)
daemon.log rotated at 163344384 bytes (cap=104857600, total rotations=335)
daemon.log rotated at 164032512 bytes (cap=104857600, total rotations=336)
daemon.log rotated at 160964608 bytes (cap=104857600, total rotations=337)
daemon.log rotated at 162480128 bytes (cap=104857600, total rotations=338)
daemon.log rotated at 162242560 bytes (cap=104857600, total rotations=339)
daemon.log rotated at 162295808 bytes (cap=104857600, total rotations=340)
daemon.log rotated at 163131392 bytes (cap=104857600, total rotations=341)
daemon.log rotated at 162639872 bytes (cap=104857600, total rotations=342)
daemon.log rotated at 163356672 bytes (cap=104857600, total rotations=343)
daemon.log rotated at 164126720 bytes (cap=104857600, total rotations=344)
daemon.log rotated at 164057088 bytes (cap=104857600, total rotations=345)
daemon.log rotated at 163799040 bytes (cap=104857600, total rotations=346)
daemon.log rotated at 163860480 bytes (cap=104857600, total rotations=347)
daemon.log rotated at 164159488 bytes (cap=104857600, total rotations=348)
daemon.log rotated at 164241408 bytes (cap=104857600, total rotations=349)
daemon.log rotated at 163803136 bytes (cap=104857600, total rotations=350)
daemon.log rotated at 164376576 bytes (cap=104857600, total rotations=351)
daemon.log rotated at 164425728 bytes (cap=104857600, total rotations=352)
daemon.log rotated at 164556800 bytes (cap=104857600, total rotations=353)
daemon.log rotated at 164413440 bytes (cap=104857600, total rotations=354)
daemon.log rotated at 163807232 bytes (cap=104857600, total rotations=355)
daemon.log rotated at 162816000 bytes (cap=104857600, total rotations=356)
daemon.log rotated at 166428672 bytes (cap=104857600, total rotations=357)
daemon.log rotated at 169357312 bytes (cap=104857600, total rotations=358)
max RSS: 51120 kB (growth=0 kB)
max ringbuf drops: 0 (file=0, net=0)
max observed decision events: 61165421
max observed total events (decisions + drops): 61165421
max observed drop ratio: 0.000000% (target <= 0.1%)
daemon.log rotations: 358
decisions this run (delta): 57701536 (baseline=3463885, max_abs=61165421)
enforcement canary: 0 miss(es) / 718 checks
soak reliability checks passed
